BorsalinosRevenge/Intermediate/Android/gradle/app/build/outputs/mapping/release/seeds.txt
com.YourCompany.CapstoneProject.AlarmReceiver
com.YourCompany.CapstoneProject.DownloaderActivity: DownloaderActivity()
com.YourCompany.CapstoneProject.AlarmReceiver: AlarmReceiver()
com.YourCompany.CapstoneProject.OBBDownloaderService: OBBDownloaderService()
com.YourCompany.CapstoneProject.DownloaderActivity
com.YourCompany.CapstoneProject.OBBDownloaderService
...
com.google.android.gms.internal.zzcqz: java.lang.String zzbbl()
com.google.android.gms.common.GoogleApiAvailability: boolean zza(android.content.Context,com.google.android.gms.common.ConnectionResult,int)
com.google.android.gms.games.stats.zzc
com.google.android.gms.common.zzb: java.lang.Object createFromParcel(android.os.Parcel)
com.google.android.gms.common.internal.zzbt
com.google.android.gms.auth.api.credentials.Credential: java.lang.String getId()
com.google.android.gms.games.quest.Quest: com.google.android.gms.games.Game getGame()
com.google.android.gms.internal.zzcqd
com.google.android.gms.games.multiplayer.turnbased.zzd: boolean isLocallyModified()
com.google.android.gms.internal.zzcms: java.lang.Object[] newArray(int)
com.google.android.gms.nearby.messages.internal.zzl: java.lang.Short zzbce()
com.google.android.gms.auth.zzd: int CHANGE_TYPE_ACCOUNT_RENAMED_TO
androidx.fragment.app.FragmentActivity: boolean onCreatePanelMenu(int,android.view.Menu)
com.google.android.gms.nearby.messages.Message: java.lang.String MESSAGE_TYPE_I_BEACON_ID
com.google.android.gms.common.ConnectionResult: int INTERNAL_ERROR
com.google.android.gms.auth.UserRecoverableNotifiedException: UserRecoverableNotifiedException(java.lang.String)
com.google.android.gms.nearby.messages.internal.zzm: void zzb(com.google.android.gms.nearby.messages.internal.zzaf)
com.google.android.gms.plus.model.people.Person: boolean hasLanguage()
com.google.android.gms.security.ProviderInstaller: java.lang.String PROVIDER_NAME
com.google.android.gms.common.api.Status: com.google.android.gms.common.api.Status zzfnk
com.google.android.gms.internal.zzbsk
com.google.android.gms.nearby.messages.Strategy: com.google.android.gms.nearby.messages.Strategy DEFAULT
com.google.android.gms.internal.zzfjd: com.google.android.gms.internal.zzfjd zzpmq
com.google.android.gms.internal.zzcta: void zzb(com.google.android.gms.nearby.messages.internal.zzaf)
com.google.android.gms.internal.zzcba
com.google.android.gms.drive.events.zzb: java.lang.String toString()
com.google.android.gms.internal.zzbqk: void zza(com.google.android.gms.internal.zzbro)
com.google.android.gms.internal.zzbll: zzbll(com.google.android.gms.drive.DriveId,com.google.android.gms.drive.metadata.internal.MetadataBundle)
com.google.android.gms.common.api.internal.zzcf: void zza(java.lang.String,com.google.android.gms.common.api.internal.LifecycleCallback)
com.google.android.gms.common.api.GoogleApi: GoogleApi(android.app.Activity,com.google.android.gms.common.api.Api,com.google.android.gms.common.api.Api$ApiOptions,com.google.android.gms.common.api.GoogleApi$zza)
com.google.android.gms.auth.api.credentials.HintRequest: void writeToParcel(android.os.Parcel,int)
com.google.android.gms.drive.query.Filters: com.google.android.gms.drive.query.Filter lessThan(com.google.android.gms.drive.metadata.SearchableOrderedMetadataField,java.lang.Comparable)
com.google.android.gms.common.api.internal.zzco: java.lang.Integer zzagv()
com.google.android.gms.internal.zzffu$zzh: com.google.android.gms.internal.zzfgd zza(com.google.android.gms.internal.zzfgd,com.google.android.gms.internal.zzfgd)
com.google.android.gms.plus.model.people.Person$Name: java.lang.String getFormatted()
com.google.android.gms.internal.zzcbk: zzcbk()
com.google.android.gms.games.achievement.AchievementEntity: long getXpValue()
com.google.android.gms.internal.zzbth: com.google.android.gms.drive.metadata.MetadataField zzgtd
com.google.android.gms.common.api.Status: void writeToParcel(android.os.Parcel,int)
com.google.android.gms.internal.zzbqt: android.os.Parcelable$Creator CREATOR
com.google.android.gms.internal.zzavf: void writeToParcel(android.os.Parcel,int)
com.google.android.gms.games.request.Requests: com.google.android.gms.common.api.PendingResult acceptRequest(com.google.android.gms.common.api.GoogleApiClient,java.lang.String)
com.google.android.gms.internal.zzcqe
com.google.android.gms.internal.zzbfn: boolean zzc(android.os.Parcel,int)