BorsalinosRevenge/Intermediate/Android/gradle/app/build/outputs/mapping/release/mapping.txt
# compiler: R8
# compiler_version: 2.0.74
# min_api: 21
# pg_map_id: 20735d2
# common_typos_disable
com.YourCompany.CapstoneProject.DownloaderActivity -> com.YourCompany.CapstoneProject.DownloaderActivity:
    int mState -> l
    android.widget.ProgressBar mPB -> a
    boolean mStatePaused -> k
    boolean mCancelValidation -> q
    java.lang.CharSequence[] OBBSelectItems -> o
    android.widget.Button mPauseButton -> i
    android.view.View mCellMessage -> h
    android.widget.TextView mProgressFraction -> c
    android.widget.TextView mStatusText -> b
    android.widget.TextView mAverageSpeed -> e
    com.google.android.vending.expansion.downloader.IStub mDownloaderClientStub -> n
    android.widget.TextView mProgressPercent -> d
    android.widget.Button mWiFiSettingsButton -> j
    com.YourCompany.CapstoneProject.DownloaderActivity _download -> r
    android.widget.TextView mTimeRemaining -> f
    android.content.Intent OutputData -> p
    android.view.View mDashboard -> g
    com.google.android.vending.expansion.downloader.IDownloaderService mRemoteService -> m
    void onServiceConnected(android.os.Messenger) -> a
    void onDownloadProgress(com.google.android.vending.expansion.downloader.DownloadProgressInfo) -> b
    void onDownloadStateChanged(int) -> c
    void ProcessOBBFiles() -> d
    void RemoveOBBFile(int) -> e
    android.view.View access$000(com.YourCompany.CapstoneProject.DownloaderActivity) -> f
    android.view.View access$100(com.YourCompany.CapstoneProject.DownloaderActivity) -> g
com.YourCompany.CapstoneProject.DownloaderActivity$1 -> com.YourCompany.CapstoneProject.DownloaderActivity$a:
    com.YourCompany.CapstoneProject.DownloaderActivity this$0 -> a
    java.lang.Boolean doInBackground(java.lang.Object[]) -> a
    void onPostExecute(java.lang.Boolean) -> b
    void onProgressUpdate(com.google.android.vending.expansion.downloader.DownloadProgressInfo[]) -> c
com.YourCompany.CapstoneProject.DownloaderActivity$1$1 -> com.YourCompany.CapstoneProject.DownloaderActivity$a$a:
    com.YourCompany.CapstoneProject.DownloaderActivity$1 this$1 -> a
com.YourCompany.CapstoneProject.DownloaderActivity$1$2 -> com.YourCompany.CapstoneProject.DownloaderActivity$a$b:
    com.YourCompany.CapstoneProject.DownloaderActivity$1 this$1 -> a
com.YourCompany.CapstoneProject.DownloaderActivity$2 -> com.YourCompany.CapstoneProject.DownloaderActivity$b:
    com.YourCompany.CapstoneProject.DownloaderActivity this$0 -> a
com.YourCompany.CapstoneProject.DownloaderActivity$3 -> com.YourCompany.CapstoneProject.DownloaderActivity$c:
    com.YourCompany.CapstoneProject.DownloaderActivity this$0 -> a
com.YourCompany.CapstoneProject.DownloaderActivity$4 -> com.YourCompany.CapstoneProject.DownloaderActivity$d:
    com.YourCompany.CapstoneProject.DownloaderActivity this$0 -> a
com.YourCompany.CapstoneProject.DownloaderActivity$5 -> com.YourCompany.CapstoneProject.DownloaderActivity$e:
    com.YourCompany.CapstoneProject.DownloaderActivity this$0 -> a
com.YourCompany.CapstoneProject.DownloaderActivity$6 -> com.YourCompany.CapstoneProject.DownloaderActivity$f:
    com.YourCompany.CapstoneProject.DownloaderActivity this$0 -> a
com.YourCompany.CapstoneProject.OBBData -> com.YourCompany.CapstoneProject.a:
    com.YourCompany.CapstoneProject.OBBData$XAPKFile[] xAPKS -> a
com.YourCompany.CapstoneProject.OBBData$XAPKFile -> com.YourCompany.CapstoneProject.a$a:
    long mFileSize -> c
    boolean mIsMain -> a
    java.lang.String mFileVersion -> b
com.YourCompany.CapstoneProject.OBBDownloaderService -> com.YourCompany.CapstoneProject.OBBDownloaderService:
    byte[] SALT -> C
    int getPublicKeyLength() -> M
    java.lang.String getAlarmReceiverClassName() -> r
    java.lang.String getPublicKey() -> u
    byte[] getSALT() -> v
...
com.google.android.gms.games.zzbj -> com.google.android.gms.games.j0:
    void zzc(com.google.android.gms.games.internal.GamesClientImpl,com.google.android.gms.tasks.TaskCompletionSource) -> b
com.google.android.gms.games.zzbk -> com.google.android.gms.games.k0:
    com.google.android.gms.games.multiplayer.realtime.RoomConfig zzhni -> c
    com.google.android.gms.common.api.internal.zzci zzhlf -> b
    void zzb(com.google.android.gms.games.internal.GamesClientImpl,com.google.android.gms.tasks.TaskCompletionSource) -> b
com.google.android.gms.games.zzbl -> com.google.android.gms.games.l0:
    void zzc(com.google.android.gms.games.internal.GamesClientImpl,com.google.android.gms.tasks.TaskCompletionSource) -> b
com.google.android.gms.games.zzbm -> com.google.android.gms.games.m0:
    com.google.android.gms.games.multiplayer.realtime.RoomConfig zzhni -> c
    com.google.android.gms.common.api.internal.zzci zzhnj -> a
    java.lang.String zzhnb -> b
    com.google.android.gms.games.RealTimeMultiplayerClient zzhnk -> d
com.google.android.gms.games.zzbn -> com.google.android.gms.games.n0:
    com.google.android.gms.games.zzbm zzhnl -> a
    void zza(com.google.android.gms.games.internal.GamesClientImpl,com.google.android.gms.tasks.TaskCompletionSource) -> b
com.google.android.gms.games.zzbo -> com.google.android.gms.games.o0:
    com.google.android.gms.games.zzbn zzhnm -> a
com.google.android.gms.games.zzbp -> com.google.android.gms.games.p0:
    com.google.android.gms.common.api.internal.zzci zzhnj -> a
    com.google.android.gms.games.RealTimeMultiplayerClient zzhnk -> b
com.google.android.gms.games.zzbq -> com.google.android.gms.games.q0:
    byte[] zzhna -> b
    com.google.android.gms.common.api.internal.zzci zzgpb -> a
    java.lang.String zzhnb -> c
    java.lang.String zzhnc -> d
    void zza(com.google.android.gms.games.internal.GamesClientImpl,com.google.android.gms.tasks.TaskCompletionSource) -> b
com.google.android.gms.games.zzbr -> com.google.android.gms.games.r0:
    void zza(com.google.android.gms.games.internal.GamesClientImpl,com.google.android.gms.tasks.TaskCompletionSource) -> b
com.google.android.gms.games.zzbs -> com.google.android.gms.games.s0:
com.google.android.gms.games.zzbt -> com.google.android.gms.games.t0:
com.google.android.gms.games.zzbu -> com.google.android.gms.games.u0:
    void zza(com.google.android.gms.games.internal.GamesClientImpl,com.google.android.gms.tasks.TaskCompletionSource) -> b
com.google.android.gms.games.zzbv -> com.google.android.gms.games.v0:
    java.lang.String zzhnu -> a
    int zzhnx -> d
    boolean zzhnv -> b
    boolean zzhnw -> c
    void zza(com.google.android.gms.games.internal.GamesClientImpl,com.google.android.gms.tasks.TaskCompletionSource) -> b
com.google.android.gms.games.zzbw -> com.google.android.gms.games.w0:
    com.google.android.gms.games.snapshot.Snapshot zzhny -> a
    void zza(com.google.android.gms.games.internal.GamesClientImpl,com.google.android.gms.tasks.TaskCompletionSource) -> b
com.google.android.gms.games.zzbx -> com.google.android.gms.games.x0:
com.google.android.gms.games.zzby -> com.google.android.gms.games.y0:
com.google.android.gms.games.zzbz -> com.google.android.gms.games.z0:
com.google.android.gms.games.zzc -> com.google.android.gms.games.a1:
com.google.android.gms.games.zzca -> com.google.android.gms.games.b1:
com.google.android.gms.games.zzcb -> com.google.android.gms.games.c1:
com.google.android.gms.games.zzcc -> com.google.android.gms.games.d1:
    void zza(com.google.android.gms.games.internal.GamesClientImpl,com.google.android.gms.tasks.TaskCompletionSource) -> b
com.google.android.gms.games.zzcd -> com.google.android.gms.games.e1:
com.google.android.gms.games.zzce -> com.google.android.gms.games.f1:
com.google.android.gms.games.zzcf -> com.google.android.gms.games.g1:
com.google.android.gms.games.zzcg -> com.google.android.gms.games.h1:
com.google.android.gms.games.zzch -> com.google.android.gms.games.i1: