BorsalinosRevenge/Intermediate/Android/gradle/app/build/outputs/mapping/release/usage.txt
com.YourCompany.CapstoneProject.R$color
com.YourCompany.CapstoneProject.R$style
com.YourCompany.CapstoneProject.OBBDownloaderService:
    private static final java.lang.String BASE64_PUBLIC_KEY
com.YourCompany.CapstoneProject.R$dimen
com.YourCompany.CapstoneProject.R$id
com.YourCompany.CapstoneProject.R$layout
com.YourCompany.CapstoneProject.R
com.YourCompany.CapstoneProject.R$string
com.YourCompany.CapstoneProject.R$integer
com.YourCompany.CapstoneProject.R$drawable
com.YourCompany.CapstoneProject.R$anim
com.YourCompany.CapstoneProject.R$styleable
com.YourCompany.CapstoneProject.R$attr
com.YourCompany.CapstoneProject.DownloaderActivity:
    private static final java.lang.String LOG_TAG
    private static final float SMOOTHING_FACTOR
com.YourCompany.CapstoneProject.OBBData:
    public void <init>()
    public static final java.lang.String AppType
com.YourCompany.CapstoneProject.BuildConfig
...
com.android.billingclient.api.zze:
    public final void zza(android.content.Context)
androidx.annotation.RequiresPermission$Read
androidx.versionedparcelable.CustomVersionedParcelable:
    public void onPreParceling(boolean)
    public void onPostParceling()
androidx.cursoradapter.widget.CursorAdapter
com.google.androidgamesdk.R
androidx.lifecycle.extensions.R
androidx.core.hardware.fingerprint.FingerprintManagerCompat$CryptoObject
android.support.v4.media.MediaMetadataCompat:
    void <init>(android.os.Bundle)
    public boolean containsKey(java.lang.String)
    public java.lang.CharSequence getText(java.lang.String)
    public java.lang.String getString(java.lang.String)
    public long getLong(java.lang.String)
    public android.support.v4.media.RatingCompat getRating(java.lang.String)
    public android.graphics.Bitmap getBitmap(java.lang.String)
    public android.support.v4.media.MediaDescriptionCompat getDescription()
    public int size()
    public java.util.Set keySet()
    public android.os.Bundle getBundle()
    public java.lang.Object getMediaMetadata()
    private android.support.v4.media.MediaDescriptionCompat mDescription
    private static final java.lang.String TAG
    public static final java.lang.String METADATA_KEY_TITLE
    public static final java.lang.String METADATA_KEY_ARTIST
    public static final java.lang.String METADATA_KEY_DURATION
    public static final java.lang.String METADATA_KEY_ALBUM
    public static final java.lang.String METADATA_KEY_AUTHOR
    public static final java.lang.String METADATA_KEY_WRITER
    public static final java.lang.String METADATA_KEY_COMPOSER
    public static final java.lang.String METADATA_KEY_COMPILATION
    public static final java.lang.String METADATA_KEY_DATE
    public static final java.lang.String METADATA_KEY_YEAR
    public static final java.lang.String METADATA_KEY_GENRE
com.epicgames.ue4.WebViewControl$GLWebView:
    public void <init>(com.epicgames.ue4.WebViewControl,android.content.Context,android.util.AttributeSet)
    public void <init>(com.epicgames.ue4.WebViewControl,android.content.Context,android.util.AttributeSet,int)
com.google.android.play.core.internal.h:
    public byte[] getEncoded()
androidx.core.view.ScaleGestureDetectorCompat
androidx.core.view.ViewGroupCompat:
    private void <init>()
    public static boolean onRequestSendAccessibilityEvent(android.view.ViewGroup,android.view.View,android.view.accessibility.AccessibilityEvent)
    public static void setMotionEventSplittingEnabled(android.view.ViewGroup,boolean)
    public static int getLayoutMode(android.view.ViewGroup)
    public static void setLayoutMode(android.view.ViewGroup,int)
    public static void setTransitionGroup(android.view.ViewGroup,boolean)
    public static int getNestedScrollAxes(android.view.ViewGroup)
    public static final int LAYOUT_MODE_CLIP_BOUNDS
    public static final int LAYOUT_MODE_OPTICAL_BOUNDS
androidx.core.app.NotificationCompat$CarExtender
androidx.asynclayoutinflater.R$integer
android.support.v4.media.MediaBrowserCompat$MediaBrowserImplApi21$6
android.support.v4.app.INotificationSideChannel
androidx.media.MediaBrowserServiceCompat$ServiceBinderImpl$3
androidx.collection.CircularArray
androidx.legacy.v13.R$string
com.android.billingclient.api.AccountIdentifiers
androidx.loader.R$color
androidx.lifecycle.ProcessLifecycleOwner:
    static final long TIMEOUT_MS
com.google.firebase.FirebaseApiNotAvailableException
androidx.customview.view.AbsSavedState$2
androidx.lifecycle.extensions.R$attr
androidx.annotation.GuardedBy
androidx.core.R$integer
com.android.billingclient.R
com.android.billingclient.api.zzv
androidx.core.util.Pools$SynchronizedPool
android.support.v4.media.MediaBrowserCompatApi21$MediaItem
androidx.core.app.ShareCompat
androidx.core.content.SharedPreferencesCompat$EditorCompat
androidx.slidingpanelayout.widget.SlidingPaneLayout$LayoutParams
androidx.customview.widget.ViewDragHelper$1
androidx.legacy.coreui.R